2017-07-12 00:44:21 trace :
------------
String:
<xml><ToUserName><![CDATA[toUser]]></ToUserName><FromUserName><![CDATA[fromUser]]></FromUserName><CreateTime>1499791462</CreateTime><MsgType><![CDATA[text]]></MsgType><Content><![CDATA[测试内容]]></Content><MsgId>1234567890123456</MsgId></xml>

2017-07-12 00:44:22 params :
------------
Array:
rule : -2 ;
module :  ;
message : Array ;

2017-07-12 00:44:22 response :
------------

2017-07-12 00:44:37 trace :
------------
String:
<xml><ToUserName><![CDATA[toUser]]></ToUserName><FromUserName><![CDATA[fromUser]]></FromUserName><CreateTime>1499791478</CreateTime><MsgType><![CDATA[text]]></MsgType><Content><![CDATA[测试内容]]></Content><MsgId>1234567890123456</MsgId></xml>

2017-07-12 00:44:37 params :
------------
Array:
rule : -2 ;
module :  ;
message : Array ;

2017-07-12 00:44:37 response :
------------

2017-07-12 00:44:38 trace :
------------
String:
<xml><ToUserName><![CDATA[toUser]]></ToUserName><FromUserName><![CDATA[fromUser]]></FromUserName><CreateTime>1499791479</CreateTime><MsgType><![CDATA[text]]></MsgType><Content><![CDATA[测试内容]]></Content><MsgId>1234567890123456</MsgId></xml>

2017-07-12 00:44:38 params :
------------
Array:
rule : -2 ;
module :  ;
message : Array ;

2017-07-12 00:44:38 response :
------------

2017-07-12 00:44:39 trace :
------------
String:
<xml><ToUserName><![CDATA[toUser]]></ToUserName><FromUserName><![CDATA[fromUser]]></FromUserName><CreateTime>1499791479</CreateTime><MsgType><![CDATA[text]]></MsgType><Content><![CDATA[测试内容]]></Content><MsgId>1234567890123456</MsgId></xml>

2017-07-12 00:44:39 params :
------------
Array:
rule : -2 ;
module :  ;
message : Array ;

2017-07-12 00:44:39 response :
------------

2017-07-12 00:44:40 trace :
------------
String:
<xml><ToUserName><![CDATA[toUser]]></ToUserName><FromUserName><![CDATA[fromUser]]></FromUserName><CreateTime>1499791481</CreateTime><MsgType><![CDATA[text]]></MsgType><Content><![CDATA[测试内容]]></Content><MsgId>1234567890123456</MsgId></xml>

2017-07-12 00:44:40 params :
------------
Array:
rule : -2 ;
module :  ;
message : Array ;

2017-07-12 00:44:40 response :
------------

2017-07-12 00:45:20 trace :
------------
String:
<xml><ToUserName><![CDATA[toUser]]></ToUserName><FromUserName><![CDATA[fromUser]]></FromUserName><CreateTime>1499791520</CreateTime><MsgType><![CDATA[text]]></MsgType><Content><![CDATA[测试内容]]></Content><MsgId>1234567890123456</MsgId></xml>

2017-07-12 00:45:20 params :
------------
Array:
rule : -2 ;
module :  ;
message : Array ;

2017-07-12 00:45:20 response :
------------

2017-07-12 00:45:22 trace :
------------
String:
<xml><ToUserName><![CDATA[toUser]]></ToUserName><FromUserName><![CDATA[fromUser]]></FromUserName><CreateTime>1499791522</CreateTime><MsgType><![CDATA[text]]></MsgType><Content><![CDATA[测试内容]]></Content><MsgId>1234567890123456</MsgId></xml>

2017-07-12 00:45:22 params :
------------
Array:
rule : -2 ;
module :  ;
message : Array ;

2017-07-12 00:45:22 response :
------------

2017-07-12 00:45:23 trace :
------------
String:
<xml><ToUserName><![CDATA[toUser]]></ToUserName><FromUserName><![CDATA[fromUser]]></FromUserName><CreateTime>1499791523</CreateTime><MsgType><![CDATA[text]]></MsgType><Content><![CDATA[测试内容]]></Content><MsgId>1234567890123456</MsgId></xml>

2017-07-12 00:45:23 params :
------------
Array:
rule : -2 ;
module :  ;
message : Array ;

2017-07-12 00:45:23 response :
------------

2017-07-12 00:45:23 trace :
------------
String:
<xml><ToUserName><![CDATA[toUser]]></ToUserName><FromUserName><![CDATA[fromUser]]></FromUserName><CreateTime>1499791523</CreateTime><MsgType><![CDATA[text]]></MsgType><Content><![CDATA[测试内容]]></Content><MsgId>1234567890123456</MsgId></xml>

2017-07-12 00:45:23 params :
------------
Array:
rule : -2 ;
module :  ;
message : Array ;

2017-07-12 00:45:23 response :
------------

2017-07-12 00:45:23 trace :
------------
String:
<xml><ToUserName><![CDATA[toUser]]></ToUserName><FromUserName><![CDATA[fromUser]]></FromUserName><CreateTime>1499791524</CreateTime><MsgType><![CDATA[text]]></MsgType><Content><![CDATA[测试内容]]></Content><MsgId>1234567890123456</MsgId></xml>

2017-07-12 00:45:23 params :
------------
Array:
rule : -2 ;
module :  ;
message : Array ;

2017-07-12 00:45:23 response :
------------

