2017-07-19 22:44:48 trace :
------------
String:
<xml><ToUserName><![CDATA[toUser]]></ToUserName><FromUserName><![CDATA[fromUser]]></FromUserName><CreateTime>1500475488</CreateTime><MsgType><![CDATA[text]]></MsgType><Content><![CDATA[吐温]]></Content><MsgId>1234567890123456</MsgId></xml>

2017-07-19 22:44:48 params :
------------
Array:
message : Array ;
module : cover ;
rule : 10 ;
priority : 0 ;
keyword : Array ;

2017-07-19 22:44:48 response :
------------
Array:
FromUserName : toUser ;
ToUserName : fromUser ;
MsgType : news ;
ArticleCount : 1 ;
Articles : Array ;

2017-07-19 22:45:01 trace :
------------
String:
<xml><ToUserName><![CDATA[toUser]]></ToUserName><FromUserName><![CDATA[fromUser]]></FromUserName><CreateTime>1500475502</CreateTime><MsgType><![CDATA[text]]></MsgType><Content><![CDATA[吐温]]></Content><MsgId>1234567890123456</MsgId></xml>

2017-07-19 22:45:01 params :
------------
Array:
message : Array ;
module : cover ;
rule : 10 ;
priority : 0 ;
keyword : Array ;

2017-07-19 22:45:01 response :
------------
Array:
FromUserName : toUser ;
ToUserName : fromUser ;
MsgType : news ;
ArticleCount : 1 ;
Articles : Array ;

2017-07-19 22:45:33 trace :
------------
String:
<xml><ToUserName><![CDATA[toUser]]></ToUserName><FromUserName><![CDATA[fromUser]]></FromUserName><CreateTime>1500475533</CreateTime><MsgType><![CDATA[image]]></MsgType><PicUrl><![CDATA[http://www.baidu.com/img/bdlogo.gif]]></PicUrl><MsgId>1234567890123456</MsgId></xml>

2017-07-19 22:45:33 params :
------------
Array:
rule : -2 ;
module :  ;
message : Array ;

2017-07-19 22:45:33 response :
------------

2017-07-19 22:45:37 trace :
------------
String:
<xml><ToUserName><![CDATA[toUser]]></ToUserName><FromUserName><![CDATA[fromUser]]></FromUserName><CreateTime>1500475538</CreateTime><MsgType><![CDATA[location]]></MsgType><Location_X>23.134521</Location_X><Location_Y>113.358803</Location_Y><Scale>20</Scale><Label><![CDATA[位置信息]]></Label><MsgId>1234567890123456</MsgId></xml>

2017-07-19 22:45:37 params :
------------
Array:
rule : -2 ;
module :  ;
message : Array ;

2017-07-19 22:45:37 response :
------------

2017-07-19 22:45:41 trace :
------------
String:
<xml><ToUserName><![CDATA[toUser]]></ToUserName><FromUserName><![CDATA[fromUser]]></FromUserName><CreateTime>1500475542</CreateTime><MsgType><![CDATA[link]]></MsgType><Title><![CDATA[测试链接]]></Title><Description><![CDATA[测试链接描述]]></Description><Url><![CDATA[http://baidu.com]]></Url><MsgId>1234567890123456</MsgId></xml>

2017-07-19 22:45:41 params :
------------
Array:
rule : -2 ;
module :  ;
message : Array ;

2017-07-19 22:45:41 response :
------------

2017-07-19 22:45:43 trace :
------------
String:
<xml><ToUserName><![CDATA[toUser]]></ToUserName><FromUserName><![CDATA[fromUser]]></FromUserName><CreateTime>1500475543</CreateTime><MsgType><![CDATA[link]]></MsgType><Title><![CDATA[测试链接]]></Title><Description><![CDATA[测试链接描述]]></Description><Url><![CDATA[http://baidu.com]]></Url><MsgId>1234567890123456</MsgId></xml>

2017-07-19 22:45:43 params :
------------
Array:
rule : -2 ;
module :  ;
message : Array ;

2017-07-19 22:45:43 response :
------------

2017-07-19 22:45:45 trace :
------------
String:
<xml><ToUserName><![CDATA[toUser]]></ToUserName><FromUserName><![CDATA[fromUser]]></FromUserName><CreateTime>1500475546</CreateTime><MsgType><![CDATA[event]]></MsgType><Event><![CDATA[CLICK]]></Event><EventKey><![CDATA[EVENTKEY]]></EventKey><MsgId>1234567890123456</MsgId></xml>

2017-07-19 22:45:45 params :
------------
Array:
rule : -2 ;
module :  ;
message : Array ;

2017-07-19 22:45:45 response :
------------

2017-07-19 22:45:48 trace :
------------
String:
<xml><ToUserName><![CDATA[toUser]]></ToUserName><FromUserName><![CDATA[fromUser]]></FromUserName><CreateTime>1500475548</CreateTime><MsgType><![CDATA[event]]></MsgType><Event><![CDATA[subscribe]]></Event><EventKey><![CDATA[]]></EventKey><MsgId>1234567890123456</MsgId></xml>

2017-07-19 22:45:48 params :
------------
Array:
rule : -2 ;
module :  ;
message : Array ;

2017-07-19 22:45:48 response :
------------

2017-07-19 22:45:51 trace :
------------
String:
<xml><ToUserName><![CDATA[toUser]]></ToUserName><FromUserName><![CDATA[fromUser]]></FromUserName><CreateTime>1500475552</CreateTime><MsgType><![CDATA[event]]></MsgType><Event><![CDATA[unsubscribe]]></Event><EventKey><![CDATA[]]></EventKey><MsgId>1234567890123456</MsgId></xml>

2017-07-19 22:45:54 trace :
------------
String:
<xml><ToUserName><![CDATA[toUser]]></ToUserName><FromUserName><![CDATA[fromUser]]></FromUserName><CreateTime>1500475552</CreateTime><MsgType><![CDATA[event]]></MsgType><Event><![CDATA[unsubscribe]]></Event><EventKey><![CDATA[]]></EventKey><MsgId>1234567890123456</MsgId></xml>

